<?xml version="1.0" encoding="utf-8"?><testsuites name="pytest tests"><testsuite name="pytest" errors="0" failures="0" skipped="0" tests="4" time="1.054" timestamp="2026-05-03T09:49:24.286946+00:00" hostname="agent-env-2094d9ea-b59a-422c-a5cc-ad6fc3653595"><testcase classname="backend.tests.test_gamification_api" name="test_daily_quiz_ru_shape_and_no_answer_leak" time="0.224" /><testcase classname="backend.tests.test_gamification_api" name="test_gamification_profile_requires_auth" time="0.046" /><testcase classname="backend.tests.test_gamification_api" name="test_gamification_profile_shape_authenticated" time="0.378" /><testcase classname="backend.tests.test_gamification_api" name="test_daily_quiz_answer_single_attempt_and_duplicate" time="0.201" /></testsuite></testsuites>