<?xml version="1.0" encoding="utf-8"?><testsuites name="pytest tests"><testsuite name="pytest" errors="0" failures="0" skipped="0" tests="6" time="1.898" timestamp="2026-04-27T09:19:07.640829+00:00" hostname="agent-env-5a12e824-c2c0-40e8-843a-ad19a946562e"><testcase classname="backend.tests.test_match_story_api" name="test_stories_endpoint_still_works" time="0.191" /><testcase classname="backend.tests.test_match_story_api" name="test_match_detail_endpoint_still_works" time="0.098" /><testcase classname="backend.tests.test_match_story_api" name="test_match_story_language_variants[en-Story of the Match]" time="0.050" /><testcase classname="backend.tests.test_match_story_api" name="test_match_story_language_variants[ru-\u0418\u0441\u0442\u043e\u0440\u0438\u044f \u043c\u0430\u0442\u0447\u0430]" time="0.083" /><testcase classname="backend.tests.test_match_story_api" name="test_match_story_language_variants[pt-Hist\xf3ria do jogo]" time="1.086" /><testcase classname="backend.tests.test_match_story_api" name="test_match_story_cache_stability" time="0.293" /></testsuite></testsuites>