<?xml version="1.0" encoding="utf-8"?><testsuites name="pytest tests"><testsuite name="pytest" errors="0" failures="1" skipped="0" tests="9" time="7.566" timestamp="2026-05-07T12:05:09.333656+00:00" hostname="agent-env-6396b5b5-5883-4288-a49e-98c87e65fc5e"><testcase classname="backend.tests.test_refactor_regression_api" name="test_auth_login_sets_httponly_cookies" time="0.487" /><testcase classname="backend.tests.test_refactor_regression_api" name="test_auth_me_works_with_cookie_session" time="0.373" /><testcase classname="backend.tests.test_refactor_regression_api" name="test_auth_cors_allows_credentials_for_explicit_origin" time="0.018"><failure message="AssertionError: assert '*' == 'https://youn...gentagent.com'&#10;  &#10;  - https://goal-gazette-5.preview.emergentagent.com&#10;  + *">backend/tests/test_refactor_regression_api.py:74: in test_auth_cors_allows_credentials_for_explicit_origin
    assert response.headers.get("access-control-allow-origin") == origin
E   AssertionError: assert '*' == 'https://youn...gentagent.com'
E     
E     - https://goal-gazette-5.preview.emergentagent.com
E     + *</failure></testcase><testcase classname="backend.tests.test_refactor_regression_api" name="test_auth_bruteforce_lockout_after_five_failures" time="1.864" /><testcase classname="backend.tests.test_refactor_regression_api" name="test_favorites_get_authenticated" time="0.069" /><testcase classname="backend.tests.test_refactor_regression_api" name="test_football_leagues_and_today_match_routes" time="3.376" /><testcase classname="backend.tests.test_refactor_regression_api" name="test_stories_match_detail_and_story_lang_ru" time="0.296" /><testcase classname="backend.tests.test_refactor_regression_api" name="test_gamification_quizzes_shape_and_hidden_answers" time="0.169" /><testcase classname="backend.tests.test_refactor_regression_api" name="test_gamification_profile_auth_and_duplicate_protection" time="0.818" /></testsuite></testsuites>