<?xml version="1.0" encoding="utf-8"?><testsuites name="pytest tests"><testsuite name="pytest" errors="0" failures="0" skipped="0" tests="7" time="1.822" timestamp="2026-05-04T08:43:44.073892+00:00" hostname="agent-env-2094d9ea-b59a-422c-a5cc-ad6fc3653595"><testcase classname="backend.tests.test_gamification_api" name="test_daily_quiz_ru_shape_and_no_answer_leak" time="0.169" /><testcase classname="backend.tests.test_gamification_api" name="test_crest_quiz_ru_shape_and_no_answer_leak" time="0.049" /><testcase classname="backend.tests.test_gamification_api" name="test_gamification_profile_requires_auth" time="0.044" /><testcase classname="backend.tests.test_gamification_api" name="test_gamification_profile_shape_authenticated" time="0.414" /><testcase classname="backend.tests.test_gamification_api" name="test_daily_quiz_answer_single_attempt_and_duplicate" time="0.194" /><testcase classname="backend.tests.test_gamification_api" name="test_crest_quiz_answer_single_attempt_and_duplicate" time="0.195" /><testcase classname="backend.tests.test_gamification_api" name="test_profile_aggregates_attempts_across_player_and_crest_quizzes" time="0.653" /></testsuite></testsuites>