<?xml version="1.0" encoding="utf-8"?><testsuites name="pytest tests"><testsuite name="pytest" errors="0" failures="2" skipped="0" tests="9" time="3.575" timestamp="2026-05-06T07:21:27.566873+00:00" hostname="agent-env-6396b5b5-5883-4288-a49e-98c87e65fc5e"><testcase classname="backend.tests.test_refactor_regression_api" name="test_auth_login_sets_httponly_cookies" time="0.400" /><testcase classname="backend.tests.test_refactor_regression_api" name="test_auth_me_works_with_cookie_session" time="0.333" /><testcase classname="backend.tests.test_refactor_regression_api" name="test_auth_cors_allows_credentials_for_explicit_origin" time="0.017"><failure message="AssertionError: assert '*' == 'https://youn...gentagent.com'&#10;  &#10;  - https://young-fan-portal.preview.emergentagent.com&#10;  + *">backend/tests/test_refactor_regression_api.py:73: in test_auth_cors_allows_credentials_for_explicit_origin
    assert response.headers.get("access-control-allow-origin") == origin
E   AssertionError: assert '*' == 'https://youn...gentagent.com'
E     
E     - https://young-fan-portal.preview.emergentagent.com
E     + *</failure></testcase><testcase classname="backend.tests.test_refactor_regression_api" name="test_auth_bruteforce_lockout_after_five_failures" time="1.654"><failure message="assert 200 in (423, 429, 401)&#10; +  where 200 = &lt;Response [200]&gt;.status_code">backend/tests/test_refactor_regression_api.py:92: in test_auth_bruteforce_lockout_after_five_failures
    assert post_threshold.status_code in (423, 429, 401)
E   assert 200 in (423, 429, 401)
E    +  where 200 = &lt;Response [200]&gt;.status_code</failure></testcase><testcase classname="backend.tests.test_refactor_regression_api" name="test_favorites_get_authenticated" time="0.049" /><testcase classname="backend.tests.test_refactor_regression_api" name="test_football_leagues_and_today_match_routes" time="0.096" /><testcase classname="backend.tests.test_refactor_regression_api" name="test_stories_match_detail_and_story_lang_ru" time="0.185" /><testcase classname="backend.tests.test_refactor_regression_api" name="test_gamification_quizzes_shape_and_hidden_answers" time="0.093" /><testcase classname="backend.tests.test_refactor_regression_api" name="test_gamification_profile_auth_and_duplicate_protection" time="0.635" /></testsuite></testsuites>