<?xml version="1.0" encoding="utf-8"?><testsuites name="pytest tests"><testsuite name="pytest" errors="0" failures="0" skipped="0" tests="6" time="14.627" timestamp="2026-05-21T20:24:57.275702+00:00" hostname="agent-env-6605ba7a-dd26-4e4d-9522-f772733f1f42"><testcase classname="backend.tests.test_admin_story_diagnostics_api" name="test_admin_login_exposes_admin_role" time="0.539" /><testcase classname="backend.tests.test_admin_story_diagnostics_api" name="test_story_diagnostics_requires_admin_auth" time="0.139" /><testcase classname="backend.tests.test_admin_story_diagnostics_api" name="test_story_diagnostics_forbidden_for_regular_user" time="0.379" /><testcase classname="backend.tests.test_admin_story_diagnostics_api" name="test_get_story_diagnostics_admin_shape" time="0.096" /><testcase classname="backend.tests.test_admin_story_diagnostics_api" name="test_refresh_story_diagnostics_and_public_story_safety" time="6.748" /><testcase classname="backend.tests.test_admin_story_diagnostics_api" name="test_refresh_contains_laliga_and_bundesliga_source_diagnostics" time="6.633" /></testsuite></testsuites>