<?xml version="1.0" encoding="utf-8"?><testsuites name="pytest tests"><testsuite name="pytest" errors="0" failures="0" skipped="0" tests="6" time="0.914" timestamp="2026-05-21T20:26:43.575070+00:00" hostname="agent-env-6605ba7a-dd26-4e4d-9522-f772733f1f42"><testcase classname="backend.tests.test_match_story_api" name="test_stories_endpoint_still_works" time="0.232" /><testcase classname="backend.tests.test_match_story_api" name="test_match_detail_endpoint_still_works" time="0.118" /><testcase classname="backend.tests.test_match_story_api" name="test_match_story_language_variants[en-Story of the Match]" time="0.058" /><testcase classname="backend.tests.test_match_story_api" name="test_match_story_language_variants[ru-\u0418\u0441\u0442\u043e\u0440\u0438\u044f \u043c\u0430\u0442\u0447\u0430]" time="0.055" /><testcase classname="backend.tests.test_match_story_api" name="test_match_story_language_variants[pt-Hist\xf3ria do jogo]" time="0.063" /><testcase classname="backend.tests.test_match_story_api" name="test_match_story_cache_stability" time="0.317" /></testsuite></testsuites>