<?xml version="1.0" encoding="utf-8"?><testsuites name="pytest tests"><testsuite name="pytest" errors="0" failures="0" skipped="0" tests="5" time="3.967" timestamp="2026-05-17T08:53:47.930583+00:00" hostname="agent-env-6605ba7a-dd26-4e4d-9522-f772733f1f42"><testcase classname="backend.tests.test_admin_story_diagnostics_api" name="test_admin_login_exposes_admin_role" time="0.424" /><testcase classname="backend.tests.test_admin_story_diagnostics_api" name="test_story_diagnostics_requires_admin_auth" time="0.104" /><testcase classname="backend.tests.test_admin_story_diagnostics_api" name="test_story_diagnostics_forbidden_for_regular_user" time="0.394" /><testcase classname="backend.tests.test_admin_story_diagnostics_api" name="test_get_story_diagnostics_admin_shape" time="0.051" /><testcase classname="backend.tests.test_admin_story_diagnostics_api" name="test_refresh_story_diagnostics_and_public_story_safety" time="2.935" /></testsuite></testsuites>