<?xml version="1.0" encoding="utf-8"?><testsuites name="pytest tests"><testsuite name="pytest" errors="0" failures="0" skipped="0" tests="13" time="2.369" timestamp="2026-05-06T07:21:41.459744+00:00" hostname="agent-env-6396b5b5-5883-4288-a49e-98c87e65fc5e"><testcase classname="backend.tests.test_gamification_api" name="test_daily_quiz_ru_shape_and_no_answer_leak" time="0.165" /><testcase classname="backend.tests.test_gamification_api" name="test_crest_quiz_ru_shape_and_no_answer_leak" time="0.044" /><testcase classname="backend.tests.test_gamification_api" name="test_gamification_profile_requires_auth" time="0.044" /><testcase classname="backend.tests.test_gamification_api" name="test_gamification_profile_shape_authenticated" time="0.391" /><testcase classname="backend.tests.test_gamification_api" name="test_daily_quiz_answer_single_attempt_and_duplicate" time="0.221" /><testcase classname="backend.tests.test_gamification_api" name="test_crest_quiz_answer_single_attempt_and_duplicate" time="0.205" /><testcase classname="backend.tests.test_gamification_api" name="test_profile_aggregates_attempts_across_player_and_crest_quizzes" time="0.613" /><testcase classname="backend.tests.test_match_story_api" name="test_stories_endpoint_still_works" time="0.104" /><testcase classname="backend.tests.test_match_story_api" name="test_match_detail_endpoint_still_works" time="0.091" /><testcase classname="backend.tests.test_match_story_api" name="test_match_story_language_variants[en-Story of the Match]" time="0.045" /><testcase classname="backend.tests.test_match_story_api" name="test_match_story_language_variants[ru-\u0418\u0441\u0442\u043e\u0440\u0438\u044f \u043c\u0430\u0442\u0447\u0430]" time="0.047" /><testcase classname="backend.tests.test_match_story_api" name="test_match_story_language_variants[pt-Hist\xf3ria do jogo]" time="0.045" /><testcase classname="backend.tests.test_match_story_api" name="test_match_story_cache_stability" time="0.290" /></testsuite></testsuites>